<?xml version="1.0" encoding="UTF-8"?>
<testsuite name="As a user, I want to enter Google Translator" tests="1" skipped="0" failures="0" errors="0" timestamp="2021-09-14T20:16:16" hostname="CHBOGML-153063" time="10.458">
  <properties/>
  <testcase name="Translate from English to Spanish" classname="As a user, I want to enter Google Translator" time="10.458"/>
  <system-out><![CDATA[]]></system-out>
  <system-err><![CDATA[sep 14, 2021 3:16:16 PM org.openqa.selenium.remote.DesiredCapabilities chrome
INFORMACIÓN: Using `new ChromeOptions()` is preferred to `DesiredCapabilities.chrome()`
Starting ChromeDriver 92.0.4515.107 (87a818b10553a07434ea9e2b6dccf3cbe7895134-refs/branch-heads/4515@{#1634}) on port 21201
Only local connections are allowed.
Please see https://chromedriver.chromium.org/security-considerations for suggestions on keeping ChromeDriver safe.
ChromeDriver was started successfully.
[1631650580.247][WARNING]: This version of ChromeDriver has not been tested with Chrome version 93.
sep 14, 2021 3:16:20 PM org.openqa.selenium.remote.ProtocolHandshake createSession
INFORMACIÓN: Detected dialect: W3C
[Test worker] INFO net.serenitybdd.core.Serenity - 
        __    _____ _____ ____ _____   ____   _    ____  ____  _____ ____  
  _     \ \  |_   _| ____/ ___|_   _| |  _ \ / \  / ___|/ ___|| ____|  _ \ 
 (_)_____| |   | | |  _| \___ \ | |   | |_) / _ \ \___ \\___ \|  _| | | | |
  _|_____| |   | | | |___ ___) || |   |  __/ ___ \ ___) |___) | |___| |_| |
 (_)     | |   |_| |_____|____/ |_|   |_| /_/   \_\____/|____/|_____|____/ 
        /_/                                                                

TEST PASSED: Translate from English to Spanish
----------------------------------------------------------------------------
]]></system-err>
</testsuite>
